<?xml version="1.0" encoding="UTF-8"?>
<testsuite xmlns:xsi="http://www.w3.org/2001/XMLSchema-instance" xsi:noNamespaceSchemaLocation="https://maven.apache.org/surefire/maven-surefire-plugin/xsd/surefire-test-report-3.0.xsd" version="3.0" name="com.dlb.chess.dumbboard.core.TestPositionComparator" time="0.093" tests="10" errors="0" skipped="0" failures="0">
  <properties>
[...]
</properties>
  <testcase name="testNoMatchSamePosition" classname="com.dlb.chess.dumbboard.core.TestPositionComparator" time="0.003"/>
  <testcase name="testNoMatchIllegalPosition" classname="com.dlb.chess.dumbboard.core.TestPositionComparator" time="0.003"/>
  <testcase name="testPromotionToKnightDistinctFromQueen" classname="com.dlb.chess.dumbboard.core.TestPositionComparator" time="0.03"/>
  <testcase name="testPromotion" classname="com.dlb.chess.dumbboard.core.TestPositionComparator" time="0.023"/>
  <testcase name="testCapture" classname="com.dlb.chess.dumbboard.core.TestPositionComparator" time="0.007"/>
  <testcase name="testKnightMove" classname="com.dlb.chess.dumbboard.core.TestPositionComparator" time="0.001"/>
  <testcase name="testSimplePawnAdvanceTwoSquares" classname="com.dlb.chess.dumbboard.core.TestPositionComparator" time="0.001"/>
  <testcase name="testSimplePawnAdvanceOneSquare" classname="com.dlb.chess.dumbboard.core.TestPositionComparator" time="0.002"/>
  <testcase name="testCastlingKingside" classname="com.dlb.chess.dumbboard.core.TestPositionComparator" time="0.012"/>
  <testcase name="testEnPassant" classname="com.dlb.chess.dumbboard.core.TestPositionComparator" time="0.008"/>
</testsuite>